<?xml version="1.0" encoding="UTF-8"?>
<testsuite name="creatWorkTest"
           tests="5"
           failures="0"
           errors="0"
           skipped="0"
           time="0.085">
  <properties />
  
  
            <testcase name="TC02_ValidateWorkId" time="0.003" classname="com.api.auto.testcase.TC_API_CreatWork" />
                <testcase name="TC04_ValidateExperienceMatched" time="0.015" classname="com.api.auto.testcase.TC_API_CreatWork" />
                <testcase name="TC01_Validate201Created" time="0.009" classname="com.api.auto.testcase.TC_API_CreatWork" />
                <testcase name="TC05_ValidateEducationMatched" time="0.013" classname="com.api.auto.testcase.TC_API_CreatWork" />
                <testcase name="TC03_ValidateNameOfWorkMatched" time="0.045" classname="com.api.auto.testcase.TC_API_CreatWork" />
      
</testsuite>
