<?xml version="1.0" encoding="UTF-8"?>
<!-- Generated by org.testng.reporters.JUnitXMLReporter -->
<testsuite hostname="Thanhs-MacBook-Air.local" ignored="0" name="Default test" tests="5" failures="0" timestamp="2023-06-15T15:04:12 ICT" time="3.3" errors="0">
  <testcase name="TC01_Validate201Created" time="0.013" classname="com.api.auto.testcase.TC_API_CreatWork"/>
  <testcase name="TC02_ValidateWorkId" time="0.003" classname="com.api.auto.testcase.TC_API_CreatWork"/>
  <testcase name="TC03_ValidateNameOfWorkMatched" time="0.681" classname="com.api.auto.testcase.TC_API_CreatWork"/>
  <testcase name="TC04_ValidateExperienceMatched" time="0.023" classname="com.api.auto.testcase.TC_API_CreatWork"/>
  <testcase name="TC05_ValidateEducationMatched" time="0.012" classname="com.api.auto.testcase.TC_API_CreatWork"/>
</testsuite> <!-- Default test -->
