<?xml version="1.0" encoding="UTF-8"?>
<!-- Generated by org.testng.reporters.JUnitXMLReporter -->
<testsuite hostname="Thanhs-MacBook-Air.local" ignored="0" name="LoginTest" tests="5" failures="0" timestamp="2023-06-15T14:36:43 ICT" time="3.288" errors="0">
  <testcase name="TC01_Validate200OK" time="0.014" classname="com.api.auto.testcase.TC_API_Login"/>
  <testcase name="TC02_ValidateMessage" time="0.701" classname="com.api.auto.testcase.TC_API_Login"/>
  <testcase name="TC03_ValidateToken" time="0.026" classname="com.api.auto.testcase.TC_API_Login"/>
  <testcase name="TC04_ValidateAccount" time="0.048" classname="com.api.auto.testcase.TC_API_Login"/>
  <testcase name="TC05_ValidateUserType" time="0.015" classname="com.api.auto.testcase.TC_API_Login"/>
</testsuite> <!-- LoginTest -->
