<?xml version="1.0" encoding="UTF-8"?>
<testng-results skipped="0" failed="0" ignored="0" total="10" passed="10">
  <reporter-output>
  </reporter-output>
  <suite name="Suite" duration-ms="3683" started-at="2023-06-15T15:05:32 ICT" finished-at="2023-06-15T15:05:36 ICT">
    <groups>
    </groups>
    <test name="Test" duration-ms="3294" started-at="2023-06-15T15:05:32 ICT" finished-at="2023-06-15T15:05:36 ICT">
      <class name="com.api.auto.testcase.TC_API_Login">
        <test-method status="PASS" signature="init()[pri:0, instance:com.api.auto.testcase.TC_API_Login@68ceda24]" name="init" is-config="true" duration-ms="2413" started-at="2023-06-15T15:05:32 ICT" finished-at="2023-06-15T15:05:35 ICT">
          <reporter-output>
          </reporter-output>
        </test-method> <!-- init -->
        <test-method status="PASS" signature="TC01_Validate200OK()[pri:0, instance:com.api.auto.testcase.TC_API_Login@68ceda24]" name="TC01_Validate200OK" duration-ms="13" started-at="2023-06-15T15:05:35 ICT" finished-at="2023-06-15T15:05:35 ICT">
          <reporter-output>
          </reporter-output>
        </test-method> <!-- TC01_Validate200OK -->
        <test-method status="PASS" signature="TC02_ValidateMessage()[pri:1, instance:com.api.auto.testcase.TC_API_Login@68ceda24]" name="TC02_ValidateMessage" duration-ms="719" started-at="2023-06-15T15:05:35 ICT" finished-at="2023-06-15T15:05:36 ICT">
          <reporter-output>
          </reporter-output>
        </test-method> <!-- TC02_ValidateMessage -->
        <test-method status="PASS" signature="TC03_ValidateToken()[pri:2, instance:com.api.auto.testcase.TC_API_Login@68ceda24]" name="TC03_ValidateToken" duration-ms="30" started-at="2023-06-15T15:05:36 ICT" finished-at="2023-06-15T15:05:36 ICT">
          <reporter-output>
          </reporter-output>
        </test-method> <!-- TC03_ValidateToken -->
        <test-method status="PASS" signature="TC04_ValidateAccount()[pri:3, instance:com.api.auto.testcase.TC_API_Login@68ceda24]" name="TC04_ValidateAccount" duration-ms="49" started-at="2023-06-15T15:05:36 ICT" finished-at="2023-06-15T15:05:36 ICT">
          <reporter-output>
          </reporter-output>
        </test-method> <!-- TC04_ValidateAccount -->
        <test-method status="PASS" signature="TC05_ValidateUserType()[pri:4, instance:com.api.auto.testcase.TC_API_Login@68ceda24]" name="TC05_ValidateUserType" duration-ms="15" started-at="2023-06-15T15:05:36 ICT" finished-at="2023-06-15T15:05:36 ICT">
          <reporter-output>
          </reporter-output>
        </test-method> <!-- TC05_ValidateUserType -->
      </class> <!-- com.api.auto.testcase.TC_API_Login -->
    </test> <!-- Test -->
    <test name="creatWorkTest" duration-ms="372" started-at="2023-06-15T15:05:36 ICT" finished-at="2023-06-15T15:05:36 ICT">
      <class name="com.api.auto.testcase.TC_API_CreatWork">
        <test-method status="PASS" signature="init()[pri:0, instance:com.api.auto.testcase.TC_API_CreatWork@5e955596]" name="init" is-config="true" duration-ms="261" started-at="2023-06-15T15:05:36 ICT" finished-at="2023-06-15T15:05:36 ICT">
          <reporter-output>
          </reporter-output>
        </test-method> <!-- init -->
        <test-method status="PASS" signature="TC01_Validate201Created()[pri:0, instance:com.api.auto.testcase.TC_API_CreatWork@5e955596]" name="TC01_Validate201Created" duration-ms="9" started-at="2023-06-15T15:05:36 ICT" finished-at="2023-06-15T15:05:36 ICT">
          <reporter-output>
          </reporter-output>
        </test-method> <!-- TC01_Validate201Created -->
        <test-method status="PASS" signature="TC02_ValidateWorkId()[pri:1, instance:com.api.auto.testcase.TC_API_CreatWork@5e955596]" name="TC02_ValidateWorkId" duration-ms="3" started-at="2023-06-15T15:05:36 ICT" finished-at="2023-06-15T15:05:36 ICT">
          <reporter-output>
          </reporter-output>
        </test-method> <!-- TC02_ValidateWorkId -->
        <test-method status="PASS" signature="TC03_ValidateNameOfWorkMatched()[pri:2, instance:com.api.auto.testcase.TC_API_CreatWork@5e955596]" name="TC03_ValidateNameOfWorkMatched" duration-ms="45" started-at="2023-06-15T15:05:36 ICT" finished-at="2023-06-15T15:05:36 ICT">
          <reporter-output>
          </reporter-output>
        </test-method> <!-- TC03_ValidateNameOfWorkMatched -->
        <test-method status="PASS" signature="TC04_ValidateExperienceMatched()[pri:3, instance:com.api.auto.testcase.TC_API_CreatWork@5e955596]" name="TC04_ValidateExperienceMatched" duration-ms="15" started-at="2023-06-15T15:05:36 ICT" finished-at="2023-06-15T15:05:36 ICT">
          <reporter-output>
          </reporter-output>
        </test-method> <!-- TC04_ValidateExperienceMatched -->
        <test-method status="PASS" signature="TC05_ValidateEducationMatched()[pri:4, instance:com.api.auto.testcase.TC_API_CreatWork@5e955596]" name="TC05_ValidateEducationMatched" duration-ms="13" started-at="2023-06-15T15:05:36 ICT" finished-at="2023-06-15T15:05:36 ICT">
          <reporter-output>
          </reporter-output>
        </test-method> <!-- TC05_ValidateEducationMatched -->
        <test-method status="PASS" signature="afterTest()[pri:0, instance:com.api.auto.testcase.TC_API_CreatWork@5e955596]" name="afterTest" is-config="true" duration-ms="1" started-at="2023-06-15T15:05:36 ICT" finished-at="2023-06-15T15:05:36 ICT">
          <reporter-output>
          </reporter-output>
        </test-method> <!-- afterTest -->
      </class> <!-- com.api.auto.testcase.TC_API_CreatWork -->
    </test> <!-- creatWorkTest -->
  </suite> <!-- Suite -->
</testng-results>
